2025-09-08 00:45:44,893 - __main__ - INFO - Initialized Infinity Assistant - Session: 20250908_004544
2025-09-08 00:45:44,897 - __main__ - INFO - Starting capture for 1.0 hours
2025-09-08 00:45:44,897 - WDM - INFO - ====== WebDriver manager ======
2025-09-08 00:45:46,700 - WDM - INFO - Get LATEST chromedriver version for google-chrome
2025-09-08 00:45:47,217 - WDM - INFO - Get LATEST chromedriver version for google-chrome
2025-09-08 00:45:47,334 - WDM - INFO - Get LATEST chromedriver version for google-chrome
2025-09-08 00:45:47,512 - WDM - INFO - WebDriver version 133.0.6943.141 selected
2025-09-08 00:45:47,517 - WDM - INFO - Modern chrome version https://storage.googleapis.com/chrome-for-testing-public/133.0.6943.141/win32/chromedriver-win32.zip
2025-09-08 00:45:47,520 - WDM - INFO - About to download new driver from https://storage.googleapis.com/chrome-for-testing-public/133.0.6943.141/win32/chromedriver-win32.zip
2025-09-08 00:45:47,671 - WDM - INFO - Driver downloading response is 200
2025-09-08 00:45:48,680 - WDM - INFO - Get LATEST chromedriver version for google-chrome
2025-09-08 00:45:49,074 - WDM - INFO - Driver has been saved in cache [C:\Users\User\.wdm\drivers\chromedriver\win64\133.0.6943.141]
2025-09-08 00:45:52,763 - __main__ - INFO - Chrome driver setup successful
2025-09-08 00:45:52,763 - __main__ - INFO - Navigating to https://casino.draftkings.com/games/evolution-infinite-blackjack
2025-09-08 00:45:59,205 - __main__ - INFO - Waiting for Evolution Gaming iframe...
2025-09-08 00:46:30,356 - __main__ - ERROR - Timeout waiting for game to load
2025-09-08 00:46:30,358 - __main__ - ERROR - Failed to navigate to game
2025-09-08 00:48:20,790 - __main__ - INFO - Initialized Infinity Assistant - Session: 20250908_004820
2025-09-08 00:48:20,797 - __main__ - INFO - Starting capture for 1.0 hours
2025-09-08 00:48:20,799 - WDM - INFO - ====== WebDriver manager ======
2025-09-08 00:48:22,359 - WDM - INFO - Get LATEST chromedriver version for google-chrome
2025-09-08 00:48:22,432 - WDM - INFO - Get LATEST chromedriver version for google-chrome
2025-09-08 00:48:22,516 - WDM - INFO - Driver [C:\Users\User\.wdm\drivers\chromedriver\win64\133.0.6943.141\chromedriver-win32/chromedriver.exe] found in cache
2025-09-08 00:48:23,890 - __main__ - INFO - Chrome driver setup successful
2025-09-08 00:48:23,890 - __main__ - INFO - Navigating to https://casino.draftkings.com/games/evolution-infinite-blackjack
2025-09-08 00:48:29,166 - __main__ - INFO - Waiting for Evolution Gaming iframe...
2025-09-08 00:49:00,311 - __main__ - ERROR - Timeout waiting for game to load
2025-09-08 00:49:00,311 - __main__ - ERROR - Failed to navigate to game
